# JRE version: OpenJDK Runtime Environment (10.0.2+13) (build 10.0.2+13-Ubuntu-1ubuntu0.18.04.4)
# Java VM: OpenJDK 64-Bit Server VM (10.0.2+13-Ubuntu-1ubuntu0.18.04.4, mixed mode, tiered, compressed oops, g1 gc, linux-amd64)
Heap:
 garbage-first heap   total 503808K, used 122506K [0x00000000c3a00000, 0x0000000100000000)
  region size 1024K, 1 young (1024K), 1 survivors (1024K)
 Metaspace       used 27052K, capacity 27499K, committed 27904K, reserved 1075200K
  class space    used 2798K, capacity 2988K, committed 3072K, reserved 1048576K
GC Heap History (10 events):
Event: 148,386 GC heap after
{Heap after GC invocations=123 (full 0):
 garbage-first heap   total 179200K, used 117545K [0x00000000c3a00000, 0x0000000100000000)
  region size 1024K, 1 young (1024K), 1 survivors (1024K)
 Metaspace       used 26111K, capacity 26504K, committed 26880K, reserved 1073152K
  class space    used 2766K, capacity 2955K, committed 3072K, reserved 1048576K
}
Event: 152,442 GC heap before
{Heap before GC invocations=123 (full 0):
 garbage-first heap   total 179200K, used 124713K [0x00000000c3a00000, 0x0000000100000000)
  region size 1024K, 8 young (8192K), 1 survivors (1024K)
 Metaspace       used 26398K, capacity 26760K, committed 27136K, reserved 1073152K
  class space    used 2781K, capacity 2955K, committed 3072K, reserved 1048576K
}
Event: 152,445 GC heap after
{Heap after GC invocations=124 (full 0):
 garbage-first heap   total 179200K, used 118528K [0x00000000c3a00000, 0x0000000100000000)
  region size 1024K, 1 young (1024K), 1 survivors (1024K)
 Metaspace       used 26398K, capacity 26760K, committed 27136K, reserved 1073152K
  class space    used 2781K, capacity 2955K, committed 3072K, reserved 1048576K
}
Event: 153,091 GC heap before
{Heap before GC invocations=124 (full 0):
 garbage-first heap   total 179200K, used 125696K [0x00000000c3a00000, 0x0000000100000000)
  region size 1024K, 8 young (8192K), 1 survivors (1024K)
 Metaspace       used 26619K, capacity 26984K, committed 27392K, reserved 1073152K
  class space    used 2795K, capacity 2987K, committed 3072K, reserved 1048576K
}
Event: 153,095 GC heap after
{Heap after GC invocations=125 (full 0):
 garbage-first heap   total 179200K, used 119579K [0x00000000c3a00000, 0x0000000100000000)
  region size 1024K, 1 young (1024K), 1 survivors (1024K)
 Metaspace       used 26619K, capacity 26984K, committed 27392K, reserved 1073152K
  class space    used 2795K, capacity 2987K, committed 3072K, reserved 1048576K
}
Event: 153,228 GC heap before
{Heap before GC invocations=125 (full 0):
 garbage-first heap   total 179200K, used 126747K [0x00000000c3a00000, 0x0000000100000000)
  region size 1024K, 8 young (8192K), 1 survivors (1024K)
 Metaspace       used 26899K, capacity 27368K, committed 27904K, reserved 1075200K
  class space    used 2795K, capacity 2987K, committed 3072K, reserved 1048576K
}
Event: 153,231 GC heap after
{Heap after GC invocations=126 (full 0):
 garbage-first heap   total 179200K, used 120070K [0x00000000c3a00000, 0x0000000100000000)
  region size 1024K, 1 young (1024K), 1 survivors (1024K)
 Metaspace       used 26899K, capacity 27368K, committed 27904K, reserved 1075200K
  class space    used 2795K, capacity 2987K, committed 3072K, reserved 1048576K
}
Event: 153,753 GC heap before
{Heap before GC invocations=126 (full 0):
 garbage-first heap   total 179200K, used 127238K [0x00000000c3a00000, 0x0000000100000000)
  region size 1024K, 8 young (8192K), 1 survivors (1024K)
 Metaspace       used 27050K, capacity 27499K, committed 27904K, reserved 1075200K
  class space    used 2798K, capacity 2988K, committed 3072K, reserved 1048576K
}
Event: 153,994 GC heap after
{Heap after GC invocations=127 (full 0):
 garbage-first heap   total 179200K, used 121330K [0x00000000c3a00000, 0x0000000100000000)
  region size 1024K, 1 young (1024K), 1 survivors (1024K)
 Metaspace       used 27050K, capacity 27499K, committed 27904K, reserved 1075200K
  class space    used 2798K, capacity 2988K, committed 3072K, reserved 1048576K
}
Event: 154,253 GC heap before
{Heap before GC invocations=127 (full 0):
 garbage-first heap   total 179200K, used 128498K [0x00000000c3a00000, 0x0000000100000000)
  region size 1024K, 8 young (8192K), 1 survivors (1024K)
 Metaspace       used 27052K, capacity 27499K, committed 27904K, reserved 1075200K
  class space    used 2798K, capacity 2988K, committed 3072K, reserved 1048576K
}

