# JRE version: OpenJDK Runtime Environment (10.0.2+13) (build 10.0.2+13-Ubuntu-1ubuntu0.18.04.4)
# Java VM: OpenJDK 64-Bit Server VM (10.0.2+13-Ubuntu-1ubuntu0.18.04.4, mixed mode, tiered, compressed oops, g1 gc, linux-amd64)
Heap:
 garbage-first heap   total 308224K, used 64677K [0x00000000c3a00000, 0x0000000100000000)
  region size 1024K, 1 young (1024K), 1 survivors (1024K)
 Metaspace       used 23263K, capacity 23661K, committed 23936K, reserved 1071104K
  class space    used 2457K, capacity 2623K, committed 2688K, reserved 1048576K
GC Heap History (10 events):
Event: 189,976 GC heap after
{Heap after GC invocations=52 (full 0):
 garbage-first heap   total 110592K, used 61664K [0x00000000c3a00000, 0x0000000100000000)
  region size 1024K, 1 young (1024K), 1 survivors (1024K)
 Metaspace       used 23239K, capacity 23597K, committed 23936K, reserved 1071104K
  class space    used 2455K, capacity 2623K, committed 2688K, reserved 1048576K
}
Event: 191,352 GC heap before
{Heap before GC invocations=52 (full 0):
 garbage-first heap   total 110592K, used 65760K [0x00000000c3a00000, 0x0000000100000000)
  region size 1024K, 5 young (5120K), 1 survivors (1024K)
 Metaspace       used 23240K, capacity 23597K, committed 23936K, reserved 1071104K
  class space    used 2455K, capacity 2623K, committed 2688K, reserved 1048576K
}
Event: 191,355 GC heap after
{Heap after GC invocations=53 (full 0):
 garbage-first heap   total 110592K, used 62043K [0x00000000c3a00000, 0x0000000100000000)
  region size 1024K, 1 young (1024K), 1 survivors (1024K)
 Metaspace       used 23240K, capacity 23597K, committed 23936K, reserved 1071104K
  class space    used 2455K, capacity 2623K, committed 2688K, reserved 1048576K
}
Event: 216,469 GC heap before
{Heap before GC invocations=53 (full 0):
 garbage-first heap   total 110592K, used 78427K [0x00000000c3a00000, 0x0000000100000000)
  region size 1024K, 17 young (17408K), 1 survivors (1024K)
 Metaspace       used 23254K, capacity 23661K, committed 23936K, reserved 1071104K
  class space    used 2456K, capacity 2623K, committed 2688K, reserved 1048576K
}
Event: 220,412 GC heap after
{Heap after GC invocations=54 (full 0):
 garbage-first heap   total 110592K, used 63410K [0x00000000c3a00000, 0x0000000100000000)
  region size 1024K, 3 young (3072K), 3 survivors (3072K)
 Metaspace       used 23254K, capacity 23661K, committed 23936K, reserved 1071104K
  class space    used 2456K, capacity 2623K, committed 2688K, reserved 1048576K
}
Event: 228,046 GC heap before
{Heap before GC invocations=54 (full 0):
 garbage-first heap   total 110592K, used 65458K [0x00000000c3a00000, 0x0000000100000000)
  region size 1024K, 5 young (5120K), 3 survivors (3072K)
 Metaspace       used 23254K, capacity 23661K, committed 23936K, reserved 1071104K
  class space    used 2456K, capacity 2623K, committed 2688K, reserved 1048576K
}
Event: 231,703 GC heap after
{Heap after GC invocations=55 (full 0):
 garbage-first heap   total 110592K, used 63914K [0x00000000c3a00000, 0x0000000100000000)
  region size 1024K, 1 young (1024K), 1 survivors (1024K)
 Metaspace       used 23254K, capacity 23661K, committed 23936K, reserved 1071104K
  class space    used 2456K, capacity 2623K, committed 2688K, reserved 1048576K
}
Event: 244,117 GC heap before
{Heap before GC invocations=56 (full 0):
 garbage-first heap   total 110592K, used 68010K [0x00000000c3a00000, 0x0000000100000000)
  region size 1024K, 5 young (5120K), 1 survivors (1024K)
 Metaspace       used 23262K, capacity 23661K, committed 23936K, reserved 1071104K
  class space    used 2457K, capacity 2623K, committed 2688K, reserved 1048576K
}
Event: 245,965 GC heap after
{Heap after GC invocations=57 (full 0):
 garbage-first heap   total 110592K, used 64240K [0x00000000c3a00000, 0x0000000100000000)
  region size 1024K, 1 young (1024K), 1 survivors (1024K)
 Metaspace       used 23262K, capacity 23661K, committed 23936K, reserved 1071104K
  class space    used 2457K, capacity 2623K, committed 2688K, reserved 1048576K
}
Event: 251,125 GC heap before
{Heap before GC invocations=57 (full 0):
 garbage-first heap   total 110592K, used 68336K [0x00000000c3a00000, 0x0000000100000000)
  region size 1024K, 5 young (5120K), 1 survivors (1024K)
 Metaspace       used 23263K, capacity 23661K, committed 23936K, reserved 1071104K
  class space    used 2457K, capacity 2623K, committed 2688K, reserved 1048576K
}

