<b>Error Message</b>
<br>
<pre><code>
java.lang.AssertionError
</code></pre>
<br>

<b>Actual user</b>
Not logged in
<br>

<b>Request Method</b>
GET
<br>

<b>User Agent</b>
user-agent
<br>

<b>Request Url</b>
/page/studentHome/
<br>

<b>Request Path</b>
/page/studentHome
<br>

<b>Request Parameters</b>
{}
<br>

<b>Stack Trace</b>
<pre><code>

java.lang.AssertionError
	at teammates.test.cases.logic.EmailGeneratorTest.testSystemCrashReportEmailContent(EmailGeneratorTest.java:349)
	at sun.reflect.NativeMethodAccessorImpl.invoke0(Native Method)
	at sun.reflect.NativeMethodAccessorImpl.invoke(NativeMethodAccessorImpl.java:57)
	at sun.reflect.DelegatingMethodAccessorImpl.invoke(DelegatingMethodAccessorImpl.java:43)
	at java.lang.reflect.Method.invoke(Method.java:606)
	at org.testng.internal.MethodInvocationHelper.invokeMethod(MethodInvocationHelper.java:85)
	at org.testng.internal.Invoker.invokeMethod(Invoker.java:659)
	at org.testng.internal.Invoker.invokeTestMethod(Invoker.java:845)
	at org.testng.internal.Invoker.invokeTestMethods(Invoker.java:1153)
	at org.testng.internal.TestMethodWorker.invokeTestMethods(TestMethodWorker.java:125)
	at org.testng.internal.TestMethodWorker.run(TestMethodWorker.java:108)
	at org.testng.TestRunner.privateRun(TestRunner.java:771)
	at org.testng.TestRunner.run(TestRunner.java:621)
	...

</code></pre>